<?xml version="1.0" encoding="UTF-8"?>
<!-- Generated by org.testng.reporters.JUnitReportReporter -->
<testsuite hostname="AMMI-PC" name="com.makemytrip.book.BookTicket" tests="4" failures="0" timestamp="22 Nov 2018 14:01:40 GMT" time="30.861" errors="0">
  <testcase name="bookTicket" time="4.375" classname="com.makemytrip.book.BookTicket"/>
  <testcase name="bookTicket" time="4.660" classname="com.makemytrip.book.BookTicket"/>
  <testcase name="bookTicket" time="4.975" classname="com.makemytrip.book.BookTicket"/>
  <testcase name="bookTicket" time="16.851" classname="com.makemytrip.book.BookTicket"/>
</testsuite> <!-- com.makemytrip.book.BookTicket -->
